<?xml version="1.0" encoding="UTF-8"?>
<testsuite name="com.example.app.AppApplicationTests" tests="1" skipped="0" failures="0" errors="0" timestamp="2023-12-21T18:19:21" hostname="Dawids-MacBook-Pro.local" time="0.383">
  <properties/>
  <testcase name="contextLoads()" classname="com.example.app.AppApplicationTests" time="0.383"/>
  <system-out><![CDATA[19:19:20.780 [Test worker] INFO org.springframework.test.context.support.AnnotationConfigContextLoaderUtils -- Could not detect default configuration classes for test class [com.example.app.AppApplicationTests]: AppApplicationTests does not declare any static, non-private, non-final, nested classes annotated with @Configuration.
19:19:20.816 [Test worker] INFO org.springframework.boot.test.context.SpringBootTestContextBootstrapper -- Found @SpringBootConfiguration com.example.app.AppApplication for test class com.example.app.AppApplicationTests

  .   ____          _            __ _ _
 /\\ / ___'_ __ _ _(_)_ __  __ _ \ \ \ \
( ( )\___ | '_ | '_| | '_ \/ _` | \ \ \ \
 \\/  ___)| |_)| | | | | || (_| |  ) ) ) )
  '  |____| .__|_| |_|_| |_\__, | / / / /
 =========|_|==============|___/=/_/_/_/
 :: Spring Boot ::                (v3.2.0)

2023-12-21T19:19:20.941+01:00  INFO 5442 --- [    Test worker] com.example.app.AppApplicationTests      : Starting AppApplicationTests using Java 21 with PID 5442 (started by xstck in /Volumes/Dane/Studia/IIsemestr/Chmury/Lab/Zad2Obowiazkowe/Source-repo/app)
2023-12-21T19:19:20.942+01:00  INFO 5442 --- [    Test worker] com.example.app.AppApplicationTests      : No active profile set, falling back to 1 default profile: "default"
2023-12-21T19:19:21.229+01:00  INFO 5442 --- [    Test worker] o.s.b.a.w.s.WelcomePageHandlerMapping    : Adding welcome page template: index
2023-12-21T19:19:21.318+01:00  INFO 5442 --- [    Test worker] com.example.app.AppApplicationTests      : Started AppApplicationTests in 0.458 seconds (process running for 0.859)
]]></system-out>
  <system-err><![CDATA[WARNING: A Java agent has been loaded dynamically (/Users/xstck/.gradle/caches/modules-2/files-2.1/net.bytebuddy/byte-buddy-agent/1.14.10/90ed94ac044ea8953b224304c762316e91fd6b31/byte-buddy-agent-1.14.10.jar)
WARNING: If a serviceability tool is in use, please run with -XX:+EnableDynamicAgentLoading to hide this warning
WARNING: If a serviceability tool is not in use, please run with -Djdk.instrument.traceUsage for more information
WARNING: Dynamic loading of agents will be disallowed by default in a future release
]]></system-err>
</testsuite>
